ERROR 2024-12-27 17:05:57,611 log 8708 27400 Internal Server Error: /
Traceback (most recent call last):
  File "c:\Users\Syed Maaz Hassan\envs\env-ai-ecom-scraper\lib\site-packages\django\core\handlers\exception.py", line 55, in inner
    response = get_response(request)
  File "c:\Users\Syed Maaz Hassan\envs\env-ai-ecom-scraper\lib\site-packages\django\core\handlers\base.py", line 197, in _get_response
    response = wrapped_callback(request, *callback_args, **callback_kwargs)
  File "c:\Users\Syed Maaz Hassan\envs\env-ai-ecom-scraper\lib\site-packages\django\contrib\auth\decorators.py", line 23, in _wrapper_view
    return view_func(request, *args, **kwargs)
  File "C:\Users\Syed Maaz Hassan\OneDrive\Documents\GitHub\ai-ecom-scraper\apps\accounts\views.py", line 289, in home_view
    return render(request, "volt/dashboard.html", context)
  File "c:\Users\Syed Maaz Hassan\envs\env-ai-ecom-scraper\lib\site-packages\django\shortcuts.py", line 24, in render
    content = loader.render_to_string(template_name, context, request, using=using)
  File "c:\Users\Syed Maaz Hassan\envs\env-ai-ecom-scraper\lib\site-packages\django\template\loader.py", line 62, in render_to_string
    return template.render(context, request)
  File "c:\Users\Syed Maaz Hassan\envs\env-ai-ecom-scraper\lib\site-packages\django\template\backends\django.py", line 61, in render
    return self.template.render(context)
  File "c:\Users\Syed Maaz Hassan\envs\env-ai-ecom-scraper\lib\site-packages\django\template\base.py", line 175, in render
    return self._render(context)
  File "c:\Users\Syed Maaz Hassan\envs\env-ai-ecom-scraper\lib\site-packages\django\template\base.py", line 167, in _render
    return self.nodelist.render(context)
  File "c:\Users\Syed Maaz Hassan\envs\env-ai-ecom-scraper\lib\site-packages\django\template\base.py", line 1005, in render
    return SafeString("".join([node.render_annotated(context) for node in self]))
  File "c:\Users\Syed Maaz Hassan\envs\env-ai-ecom-scraper\lib\site-packages\django\template\base.py", line 1005, in <listcomp>
    return SafeString("".join([node.render_annotated(context) for node in self]))
  File "c:\Users\Syed Maaz Hassan\envs\env-ai-ecom-scraper\lib\site-packages\django\template\base.py", line 966, in render_annotated
    return self.render(context)
  File "c:\Users\Syed Maaz Hassan\envs\env-ai-ecom-scraper\lib\site-packages\django\template\loader_tags.py", line 157, in render
    return compiled_parent._render(context)
  File "c:\Users\Syed Maaz Hassan\envs\env-ai-ecom-scraper\lib\site-packages\django\template\base.py", line 167, in _render
    return self.nodelist.render(context)
  File "c:\Users\Syed Maaz Hassan\envs\env-ai-ecom-scraper\lib\site-packages\django\template\base.py", line 1005, in render
    return SafeString("".join([node.render_annotated(context) for node in self]))
  File "c:\Users\Syed Maaz Hassan\envs\env-ai-ecom-scraper\lib\site-packages\django\template\base.py", line 1005, in <listcomp>
    return SafeString("".join([node.render_annotated(context) for node in self]))
  File "c:\Users\Syed Maaz Hassan\envs\env-ai-ecom-scraper\lib\site-packages\django\template\base.py", line 966, in render_annotated
    return self.render(context)
  File "c:\Users\Syed Maaz Hassan\envs\env-ai-ecom-scraper\lib\site-packages\django\template\loader_tags.py", line 208, in render
    return template.render(context)
  File "c:\Users\Syed Maaz Hassan\envs\env-ai-ecom-scraper\lib\site-packages\django\template\base.py", line 177, in render
    return self._render(context)
  File "c:\Users\Syed Maaz Hassan\envs\env-ai-ecom-scraper\lib\site-packages\django\template\base.py", line 167, in _render
    return self.nodelist.render(context)
  File "c:\Users\Syed Maaz Hassan\envs\env-ai-ecom-scraper\lib\site-packages\django\template\base.py", line 1005, in render
    return SafeString("".join([node.render_annotated(context) for node in self]))
  File "c:\Users\Syed Maaz Hassan\envs\env-ai-ecom-scraper\lib\site-packages\django\template\base.py", line 1005, in <listcomp>
    return SafeString("".join([node.render_annotated(context) for node in self]))
  File "c:\Users\Syed Maaz Hassan\envs\env-ai-ecom-scraper\lib\site-packages\django\template\base.py", line 966, in render_annotated
    return self.render(context)
  File "c:\Users\Syed Maaz Hassan\envs\env-ai-ecom-scraper\lib\site-packages\django\template\defaulttags.py", line 471, in render
    url = reverse(view_name, args=args, kwargs=kwargs, current_app=current_app)
  File "c:\Users\Syed Maaz Hassan\envs\env-ai-ecom-scraper\lib\site-packages\django\urls\base.py", line 88, in reverse
    return resolver._reverse_with_prefix(view, prefix, *args, **kwargs)
  File "c:\Users\Syed Maaz Hassan\envs\env-ai-ecom-scraper\lib\site-packages\django\urls\resolvers.py", line 828, in _reverse_with_prefix
    raise NoReverseMatch(msg)
django.urls.exceptions.NoReverseMatch: Reverse for 'logs-view' not found. 'logs-view' is not a valid view function or pattern name.
ERROR 2024-12-27 17:05:57,634 basehttp 8708 27400 "GET / HTTP/1.1" 500 218453
ERROR 2024-12-27 17:06:10,113 log 14964 29360 Internal Server Error: /
Traceback (most recent call last):
  File "c:\Users\Syed Maaz Hassan\envs\env-ai-ecom-scraper\lib\site-packages\django\core\handlers\exception.py", line 55, in inner
    response = get_response(request)
  File "c:\Users\Syed Maaz Hassan\envs\env-ai-ecom-scraper\lib\site-packages\django\core\handlers\base.py", line 197, in _get_response
    response = wrapped_callback(request, *callback_args, **callback_kwargs)
  File "c:\Users\Syed Maaz Hassan\envs\env-ai-ecom-scraper\lib\site-packages\django\contrib\auth\decorators.py", line 23, in _wrapper_view
    return view_func(request, *args, **kwargs)
  File "C:\Users\Syed Maaz Hassan\OneDrive\Documents\GitHub\ai-ecom-scraper\apps\accounts\views.py", line 289, in home_view
    return render(request, "volt/dashboard.html", context)
  File "c:\Users\Syed Maaz Hassan\envs\env-ai-ecom-scraper\lib\site-packages\django\shortcuts.py", line 24, in render
    content = loader.render_to_string(template_name, context, request, using=using)
  File "c:\Users\Syed Maaz Hassan\envs\env-ai-ecom-scraper\lib\site-packages\django\template\loader.py", line 62, in render_to_string
    return template.render(context, request)
  File "c:\Users\Syed Maaz Hassan\envs\env-ai-ecom-scraper\lib\site-packages\django\template\backends\django.py", line 61, in render
    return self.template.render(context)
  File "c:\Users\Syed Maaz Hassan\envs\env-ai-ecom-scraper\lib\site-packages\django\template\base.py", line 175, in render
    return self._render(context)
  File "c:\Users\Syed Maaz Hassan\envs\env-ai-ecom-scraper\lib\site-packages\django\template\base.py", line 167, in _render
    return self.nodelist.render(context)
  File "c:\Users\Syed Maaz Hassan\envs\env-ai-ecom-scraper\lib\site-packages\django\template\base.py", line 1005, in render
    return SafeString("".join([node.render_annotated(context) for node in self]))
  File "c:\Users\Syed Maaz Hassan\envs\env-ai-ecom-scraper\lib\site-packages\django\template\base.py", line 1005, in <listcomp>
    return SafeString("".join([node.render_annotated(context) for node in self]))
  File "c:\Users\Syed Maaz Hassan\envs\env-ai-ecom-scraper\lib\site-packages\django\template\base.py", line 966, in render_annotated
    return self.render(context)
  File "c:\Users\Syed Maaz Hassan\envs\env-ai-ecom-scraper\lib\site-packages\django\template\loader_tags.py", line 157, in render
    return compiled_parent._render(context)
  File "c:\Users\Syed Maaz Hassan\envs\env-ai-ecom-scraper\lib\site-packages\django\template\base.py", line 167, in _render
    return self.nodelist.render(context)
  File "c:\Users\Syed Maaz Hassan\envs\env-ai-ecom-scraper\lib\site-packages\django\template\base.py", line 1005, in render
    return SafeString("".join([node.render_annotated(context) for node in self]))
  File "c:\Users\Syed Maaz Hassan\envs\env-ai-ecom-scraper\lib\site-packages\django\template\base.py", line 1005, in <listcomp>
    return SafeString("".join([node.render_annotated(context) for node in self]))
  File "c:\Users\Syed Maaz Hassan\envs\env-ai-ecom-scraper\lib\site-packages\django\template\base.py", line 966, in render_annotated
    return self.render(context)
  File "c:\Users\Syed Maaz Hassan\envs\env-ai-ecom-scraper\lib\site-packages\django\template\loader_tags.py", line 208, in render
    return template.render(context)
  File "c:\Users\Syed Maaz Hassan\envs\env-ai-ecom-scraper\lib\site-packages\django\template\base.py", line 177, in render
    return self._render(context)
  File "c:\Users\Syed Maaz Hassan\envs\env-ai-ecom-scraper\lib\site-packages\django\template\base.py", line 167, in _render
    return self.nodelist.render(context)
  File "c:\Users\Syed Maaz Hassan\envs\env-ai-ecom-scraper\lib\site-packages\django\template\base.py", line 1005, in render
    return SafeString("".join([node.render_annotated(context) for node in self]))
  File "c:\Users\Syed Maaz Hassan\envs\env-ai-ecom-scraper\lib\site-packages\django\template\base.py", line 1005, in <listcomp>
    return SafeString("".join([node.render_annotated(context) for node in self]))
  File "c:\Users\Syed Maaz Hassan\envs\env-ai-ecom-scraper\lib\site-packages\django\template\base.py", line 966, in render_annotated
    return self.render(context)
  File "c:\Users\Syed Maaz Hassan\envs\env-ai-ecom-scraper\lib\site-packages\django\template\defaulttags.py", line 471, in render
    url = reverse(view_name, args=args, kwargs=kwargs, current_app=current_app)
  File "c:\Users\Syed Maaz Hassan\envs\env-ai-ecom-scraper\lib\site-packages\django\urls\base.py", line 88, in reverse
    return resolver._reverse_with_prefix(view, prefix, *args, **kwargs)
  File "c:\Users\Syed Maaz Hassan\envs\env-ai-ecom-scraper\lib\site-packages\django\urls\resolvers.py", line 828, in _reverse_with_prefix
    raise NoReverseMatch(msg)
django.urls.exceptions.NoReverseMatch: Reverse for 'logs-view' not found. 'logs-view' is not a valid view function or pattern name.
ERROR 2024-12-27 17:06:10,138 basehttp 14964 29360 "GET / HTTP/1.1" 500 218590
