Page Load Time: 0.85 seconds - /
Page Load Time: 0.08 seconds - /favicon.ico
Page Load Time: 0.19 seconds - /
Page Load Time: 0.22 seconds - /accounts/login/
Page Load Time: 0.12 seconds - /favicon.ico
Page Load Time: 1.54 seconds - /accounts/login/
Page Load Time: 0.35 seconds - /
Page Load Time: 0.66 seconds - /customers/
Page Load Time: 0.29 seconds - /customers/1ef60620-dcf7-4a76-96a4-d9b134966401/
Page Load Time: 0.54 seconds - /media/profile-pictures/Distack-light.png
Page Load Time: 0.32 seconds - /customers/1ef60620-dcf7-4a76-96a4-d9b134966401/edit
Page Load Time: 0.20 seconds - /devices/notifications
Page Load Time: 0.26 seconds - /devices/
Page Load Time: 0.45 seconds - /devices/create
Page Load Time: 0.21 seconds - /devices/create
Page Load Time: 0.33 seconds - /devices/create
Page Load Time: 0.03 seconds - /favicon.ico
Page Load Time: 0.16 seconds - /devices/
Page Load Time: 0.20 seconds - /devices/create-device-url
Page Load Time: 0.19 seconds - /devices/create-device-url
Page Load Time: 0.18 seconds - /
Page Load Time: 0.38 seconds - /accounts/login/
Page Load Time: 0.36 seconds - /favicon.ico
Page Load Time: 0.94 seconds - /accounts/login/
Page Load Time: 0.24 seconds - /
Page Load Time: 0.11 seconds - /accounts/logout/
Page Load Time: 0.01 seconds - /accounts/login/
Page Load Time: 1.03 seconds - /accounts/login/
Page Load Time: 0.19 seconds - /devices/
Page Load Time: 0.16 seconds - /
Page Load Time: 0.12 seconds - /accounts/profile/
Page Load Time: 0.12 seconds - /devices/
Page Load Time: 0.35 seconds - /admin/
Page Load Time: 0.69 seconds - /admin/auth/user/
Page Load Time: 0.20 seconds - /admin/jsi18n/
Page Load Time: 0.44 seconds - /admin/auth/user/1/change/
Page Load Time: 0.13 seconds - /admin/jsi18n/
Page Load Time: 0.17 seconds - /admin/auth/user/1/change/
Page Load Time: 0.15 seconds - /admin/auth/user/
Page Load Time: 0.15 seconds - /admin/jsi18n/
Page Load Time: 0.14 seconds - /
Page Load Time: 0.34 seconds - /customers/
Page Load Time: 0.13 seconds - /devices/
Page Load Time: 0.16 seconds - /devices/notifications
Page Load Time: 0.19 seconds - /accounts/logout/
Page Load Time: 0.01 seconds - /accounts/login/
Page Load Time: 1.07 seconds - /accounts/login/
Page Load Time: 0.14 seconds - /devices/
Page Load Time: 0.12 seconds - /devices/
Page Load Time: 0.39 seconds - /devices/create
Page Load Time: 0.17 seconds - /devices/create-device-url
Page Load Time: 0.23 seconds - /devices/create-device-url
Page Load Time: 5.32 seconds - /devices/create-device-url
Page Load Time: 0.38 seconds - /devices/65061655-b52c-4c9b-856c-f407d54d4068/
Page Load Time: 0.19 seconds - /devices/65061655-b52c-4c9b-856c-f407d54d4068/passkeys/create
Page Load Time: 0.30 seconds - /devices/65061655-b52c-4c9b-856c-f407d54d4068/passkeys/create
Page Load Time: 0.30 seconds - /devices/65061655-b52c-4c9b-856c-f407d54d4068/
Page Load Time: 0.11 seconds - /devices/notifications
Page Load Time: 0.41 seconds - /devices/notifications/create
Page Load Time: 0.10 seconds - /
Page Load Time: 0.13 seconds - /accounts/logout/
Page Load Time: 0.01 seconds - /accounts/login/
Page Load Time: 1.46 seconds - /accounts/login/
Page Load Time: 0.13 seconds - /devices/
Page Load Time: 0.36 seconds - /customers/
Page Load Time: 0.30 seconds - /customers/create
Page Load Time: 0.17 seconds - /customers/
Page Load Time: 0.36 seconds - /customers/1ef60620-dcf7-4a76-96a4-d9b134966401/
Page Load Time: 0.01 seconds - /media/profile-pictures/Distack-light.png
Page Load Time: 0.18 seconds - /customers/1ef60620-dcf7-4a76-96a4-d9b134966401/delete
Page Load Time: 0.32 seconds - /customers/1ef60620-dcf7-4a76-96a4-d9b134966401/edit
Page Load Time: 0.19 seconds - /customers/1ef60620-dcf7-4a76-96a4-d9b134966401/delete
Page Load Time: 0.16 seconds - /customers/
Page Load Time: 0.24 seconds - /customers/1ef60620-dcf7-4a76-96a4-d9b134966401/
Page Load Time: 0.17 seconds - /devices/
Page Load Time: 0.19 seconds - /devices/65061655-b52c-4c9b-856c-f407d54d4068/
Page Load Time: 0.21 seconds - /devices/65061655-b52c-4c9b-856c-f407d54d4068/passkeys/create
Page Load Time: 0.17 seconds - /devices/65061655-b52c-4c9b-856c-f407d54d4068/passkeys/create
Page Load Time: 0.18 seconds - /devices/65061655-b52c-4c9b-856c-f407d54d4068/
Page Load Time: 0.27 seconds - /devices/65061655-b52c-4c9b-856c-f407d54d4068/edit
Page Load Time: 0.24 seconds - /devices/
Page Load Time: 0.36 seconds - /devices/create
Page Load Time: 0.21 seconds - /devices/notifications
Page Load Time: 0.20 seconds - /devices/notifications/create
Page Load Time: 0.14 seconds - /devices/
Page Load Time: 0.15 seconds - /
Page Load Time: 0.19 seconds - /customers/
Page Load Time: 0.16 seconds - /devices/
Page Load Time: 0.13 seconds - /devices/notifications
Page Load Time: 0.17 seconds - /devices/notifications/create
Page Load Time: 3.86 seconds - /devices/notifications/create
Page Load Time: 0.29 seconds - /devices/notifications/dc8e1be9-bc64-4423-8ebe-436ad8652903/
Page Load Time: 0.15 seconds - /devices/notifications
Page Load Time: 0.16 seconds - /devices/notifications/dc8e1be9-bc64-4423-8ebe-436ad8652903/
Page Load Time: 0.12 seconds - /accounts/profile/
Page Load Time: 0.20 seconds - /devices/
Page Load Time: 0.20 seconds - /accounts/profile/change-password/
Page Load Time: 0.26 seconds - /devices/
Page Load Time: 0.11 seconds - /accounts/logout/
Page Load Time: 0.01 seconds - /accounts/login/
Page Load Time: 1.13 seconds - /accounts/login/
Page Load Time: 1.13 seconds - /accounts/login/
Page Load Time: 0.18 seconds - /devices/
Page Load Time: 0.14 seconds - /customers/
Page Load Time: 0.35 seconds - /customers/1ef60620-dcf7-4a76-96a4-d9b134966401/edit
Page Load Time: 0.12 seconds - /accounts/logout/
Page Load Time: 0.01 seconds - /accounts/login/
Page Load Time: 1.26 seconds - /accounts/login/
Page Load Time: 0.00 seconds - /admin/
Page Load Time: 0.07 seconds - /admin/login/
Page Load Time: 1.32 seconds - /admin/login/
Page Load Time: 0.24 seconds - /admin/
Page Load Time: 0.17 seconds - /admin/auth/user/
Page Load Time: 0.21 seconds - /admin/jsi18n/
Page Load Time: 0.22 seconds - /admin/auth/user/2/change/
Page Load Time: 0.12 seconds - /admin/jsi18n/
Page Load Time: 0.15 seconds - /admin/auth/user/2/password/
Page Load Time: 1.39 seconds - /admin/auth/user/2/password/
Page Load Time: 0.24 seconds - /admin/auth/user/2/change/
Page Load Time: 0.13 seconds - /admin/jsi18n/
Page Load Time: 0.14 seconds - /admin/logout/
Page Load Time: 0.00 seconds - /
Page Load Time: 0.01 seconds - /accounts/login/
Page Load Time: 1.07 seconds - /accounts/login/
Page Load Time: 0.18 seconds - /
Page Load Time: 0.23 seconds - /accounts/profile/
Page Load Time: 0.20 seconds - /accounts/profile/change-password/
Page Load Time: 0.26 seconds - /accounts/profile/devices/create/
Page Load Time: 0.22 seconds - /accounts/profile/change-password/
Page Load Time: 0.31 seconds - /accounts/profile/change-password/
Page Load Time: 0.15 seconds - /
Page Load Time: 0.20 seconds - /accounts/logout/
Page Load Time: 0.01 seconds - /accounts/login/
Page Load Time: 0.45 seconds - /accounts/login/
Page Load Time: 0.10 seconds - /devices/
Page Load Time: 0.12 seconds - /customers/
Page Load Time: 0.13 seconds - /customers/1ef60620-dcf7-4a76-96a4-d9b134966401/
Page Load Time: 0.07 seconds - /customers/1ef60620-dcf7-4a76-96a4-d9b134966401/delete
Page Load Time: 0.11 seconds - /devices/
Page Load Time: 0.27 seconds - /devices/65061655-b52c-4c9b-856c-f407d54d4068/
Page Load Time: 0.09 seconds - /devices/65061655-b52c-4c9b-856c-f407d54d4068/passkeys/create
Page Load Time: 0.11 seconds - /devices/65061655-b52c-4c9b-856c-f407d54d4068/passkeys/create
Page Load Time: 0.08 seconds - /devices/65061655-b52c-4c9b-856c-f407d54d4068/
Page Load Time: 0.07 seconds - /devices/65061655-b52c-4c9b-856c-f407d54d4068/passkeys/create
Page Load Time: 0.09 seconds - /devices/65061655-b52c-4c9b-856c-f407d54d4068/passkeys/create
Page Load Time: 0.09 seconds - /devices/65061655-b52c-4c9b-856c-f407d54d4068/
Page Load Time: 0.08 seconds - /devices/
Page Load Time: 0.22 seconds - /devices/create
Page Load Time: 0.25 seconds - /devices/notifications
Page Load Time: 0.08 seconds - /devices/notifications/create
Page Load Time: 0.07 seconds - /devices/notifications
Page Load Time: 0.10 seconds - /devices/notifications/dc8e1be9-bc64-4423-8ebe-436ad8652903/
Page Load Time: 0.07 seconds - /accounts/logout/
Page Load Time: 0.00 seconds - /accounts/login/
Page Load Time: 0.42 seconds - /accounts/login/
Page Load Time: 0.24 seconds - /devices/
Page Load Time: 0.06 seconds - /accounts/login/
Page Load Time: 0.06 seconds - /
Page Load Time: 0.09 seconds - /accounts/profile/
Page Load Time: 0.07 seconds - /accounts/profile/change-password/
Page Load Time: 0.81 seconds - /
