INFO 2024-12-27 16:36:20,613 autoreload 7924 18224 Watching for file changes with StatReloader
INFO 2024-12-27 16:36:45,272 autoreload 7924 18224 C:\Users\Syed Maaz Hassan\OneDrive\Documents\GitHub\ai-ecom-scraper\software\settings.py changed, reloading.
INFO 2024-12-27 16:36:47,703 autoreload 19196 13796 Watching for file changes with StatReloader
INFO 2024-12-27 16:39:37,245 autoreload 13160 3212 Watching for file changes with StatReloader
INFO 2024-12-27 16:44:10,278 autoreload 13160 3212 C:\Users\Syed Maaz Hassan\OneDrive\Documents\GitHub\ai-ecom-scraper\software\settings.py changed, reloading.
INFO 2024-12-27 17:03:32,951 autoreload 28660 26728 Watching for file changes with StatReloader
INFO 2024-12-27 17:04:00,058 autoreload 28660 26728 C:\Users\Syed Maaz Hassan\OneDrive\Documents\GitHub\ai-ecom-scraper\apps\scraper\views.py changed, reloading.
INFO 2024-12-27 17:04:02,613 autoreload 16704 29224 Watching for file changes with StatReloader
INFO 2024-12-27 17:04:25,793 autoreload 16704 29224 C:\Users\Syed Maaz Hassan\OneDrive\Documents\GitHub\ai-ecom-scraper\apps\scraper\views.py changed, reloading.
INFO 2024-12-27 17:04:28,394 autoreload 28156 18704 Watching for file changes with StatReloader
INFO 2024-12-27 17:05:22,639 autoreload 28156 18704 C:\Users\Syed Maaz Hassan\OneDrive\Documents\GitHub\ai-ecom-scraper\apps\scraper\views.py changed, reloading.
INFO 2024-12-27 17:05:25,178 autoreload 8708 16416 Watching for file changes with StatReloader
ERROR 2024-12-27 17:05:57,611 log 8708 27400 Internal Server Error: /
Traceback (most recent call last):
  File "c:\Users\Syed Maaz Hassan\envs\env-ai-ecom-scraper\lib\site-packages\django\core\handlers\exception.py", line 55, in inner
    response = get_response(request)
  File "c:\Users\Syed Maaz Hassan\envs\env-ai-ecom-scraper\lib\site-packages\django\core\handlers\base.py", line 197, in _get_response
    response = wrapped_callback(request, *callback_args, **callback_kwargs)
  File "c:\Users\Syed Maaz Hassan\envs\env-ai-ecom-scraper\lib\site-packages\django\contrib\auth\decorators.py", line 23, in _wrapper_view
    return view_func(request, *args, **kwargs)
  File "C:\Users\Syed Maaz Hassan\OneDrive\Documents\GitHub\ai-ecom-scraper\apps\accounts\views.py", line 289, in home_view
    return render(request, "volt/dashboard.html", context)
  File "c:\Users\Syed Maaz Hassan\envs\env-ai-ecom-scraper\lib\site-packages\django\shortcuts.py", line 24, in render
    content = loader.render_to_string(template_name, context, request, using=using)
  File "c:\Users\Syed Maaz Hassan\envs\env-ai-ecom-scraper\lib\site-packages\django\template\loader.py", line 62, in render_to_string
    return template.render(context, request)
  File "c:\Users\Syed Maaz Hassan\envs\env-ai-ecom-scraper\lib\site-packages\django\template\backends\django.py", line 61, in render
    return self.template.render(context)
  File "c:\Users\Syed Maaz Hassan\envs\env-ai-ecom-scraper\lib\site-packages\django\template\base.py", line 175, in render
    return self._render(context)
  File "c:\Users\Syed Maaz Hassan\envs\env-ai-ecom-scraper\lib\site-packages\django\template\base.py", line 167, in _render
    return self.nodelist.render(context)
  File "c:\Users\Syed Maaz Hassan\envs\env-ai-ecom-scraper\lib\site-packages\django\template\base.py", line 1005, in render
    return SafeString("".join([node.render_annotated(context) for node in self]))
  File "c:\Users\Syed Maaz Hassan\envs\env-ai-ecom-scraper\lib\site-packages\django\template\base.py", line 1005, in <listcomp>
    return SafeString("".join([node.render_annotated(context) for node in self]))
  File "c:\Users\Syed Maaz Hassan\envs\env-ai-ecom-scraper\lib\site-packages\django\template\base.py", line 966, in render_annotated
    return self.render(context)
  File "c:\Users\Syed Maaz Hassan\envs\env-ai-ecom-scraper\lib\site-packages\django\template\loader_tags.py", line 157, in render
    return compiled_parent._render(context)
  File "c:\Users\Syed Maaz Hassan\envs\env-ai-ecom-scraper\lib\site-packages\django\template\base.py", line 167, in _render
    return self.nodelist.render(context)
  File "c:\Users\Syed Maaz Hassan\envs\env-ai-ecom-scraper\lib\site-packages\django\template\base.py", line 1005, in render
    return SafeString("".join([node.render_annotated(context) for node in self]))
  File "c:\Users\Syed Maaz Hassan\envs\env-ai-ecom-scraper\lib\site-packages\django\template\base.py", line 1005, in <listcomp>
    return SafeString("".join([node.render_annotated(context) for node in self]))
  File "c:\Users\Syed Maaz Hassan\envs\env-ai-ecom-scraper\lib\site-packages\django\template\base.py", line 966, in render_annotated
    return self.render(context)
  File "c:\Users\Syed Maaz Hassan\envs\env-ai-ecom-scraper\lib\site-packages\django\template\loader_tags.py", line 208, in render
    return template.render(context)
  File "c:\Users\Syed Maaz Hassan\envs\env-ai-ecom-scraper\lib\site-packages\django\template\base.py", line 177, in render
    return self._render(context)
  File "c:\Users\Syed Maaz Hassan\envs\env-ai-ecom-scraper\lib\site-packages\django\template\base.py", line 167, in _render
    return self.nodelist.render(context)
  File "c:\Users\Syed Maaz Hassan\envs\env-ai-ecom-scraper\lib\site-packages\django\template\base.py", line 1005, in render
    return SafeString("".join([node.render_annotated(context) for node in self]))
  File "c:\Users\Syed Maaz Hassan\envs\env-ai-ecom-scraper\lib\site-packages\django\template\base.py", line 1005, in <listcomp>
    return SafeString("".join([node.render_annotated(context) for node in self]))
  File "c:\Users\Syed Maaz Hassan\envs\env-ai-ecom-scraper\lib\site-packages\django\template\base.py", line 966, in render_annotated
    return self.render(context)
  File "c:\Users\Syed Maaz Hassan\envs\env-ai-ecom-scraper\lib\site-packages\django\template\defaulttags.py", line 471, in render
    url = reverse(view_name, args=args, kwargs=kwargs, current_app=current_app)
  File "c:\Users\Syed Maaz Hassan\envs\env-ai-ecom-scraper\lib\site-packages\django\urls\base.py", line 88, in reverse
    return resolver._reverse_with_prefix(view, prefix, *args, **kwargs)
  File "c:\Users\Syed Maaz Hassan\envs\env-ai-ecom-scraper\lib\site-packages\django\urls\resolvers.py", line 828, in _reverse_with_prefix
    raise NoReverseMatch(msg)
django.urls.exceptions.NoReverseMatch: Reverse for 'logs-view' not found. 'logs-view' is not a valid view function or pattern name.
ERROR 2024-12-27 17:05:57,634 basehttp 8708 27400 "GET / HTTP/1.1" 500 218453
WARNING 2024-12-27 17:05:58,466 log 8708 27400 Not Found: /favicon.ico
WARNING 2024-12-27 17:05:58,468 basehttp 8708 27400 "GET /favicon.ico HTTP/1.1" 404 7800
INFO 2024-12-27 17:06:03,922 autoreload 8708 16416 C:\Users\Syed Maaz Hassan\OneDrive\Documents\GitHub\ai-ecom-scraper\apps\scraper\urls.py changed, reloading.
INFO 2024-12-27 17:06:06,876 autoreload 14964 6476 Watching for file changes with StatReloader
ERROR 2024-12-27 17:06:10,113 log 14964 29360 Internal Server Error: /
Traceback (most recent call last):
  File "c:\Users\Syed Maaz Hassan\envs\env-ai-ecom-scraper\lib\site-packages\django\core\handlers\exception.py", line 55, in inner
    response = get_response(request)
  File "c:\Users\Syed Maaz Hassan\envs\env-ai-ecom-scraper\lib\site-packages\django\core\handlers\base.py", line 197, in _get_response
    response = wrapped_callback(request, *callback_args, **callback_kwargs)
  File "c:\Users\Syed Maaz Hassan\envs\env-ai-ecom-scraper\lib\site-packages\django\contrib\auth\decorators.py", line 23, in _wrapper_view
    return view_func(request, *args, **kwargs)
  File "C:\Users\Syed Maaz Hassan\OneDrive\Documents\GitHub\ai-ecom-scraper\apps\accounts\views.py", line 289, in home_view
    return render(request, "volt/dashboard.html", context)
  File "c:\Users\Syed Maaz Hassan\envs\env-ai-ecom-scraper\lib\site-packages\django\shortcuts.py", line 24, in render
    content = loader.render_to_string(template_name, context, request, using=using)
  File "c:\Users\Syed Maaz Hassan\envs\env-ai-ecom-scraper\lib\site-packages\django\template\loader.py", line 62, in render_to_string
    return template.render(context, request)
  File "c:\Users\Syed Maaz Hassan\envs\env-ai-ecom-scraper\lib\site-packages\django\template\backends\django.py", line 61, in render
    return self.template.render(context)
  File "c:\Users\Syed Maaz Hassan\envs\env-ai-ecom-scraper\lib\site-packages\django\template\base.py", line 175, in render
    return self._render(context)
  File "c:\Users\Syed Maaz Hassan\envs\env-ai-ecom-scraper\lib\site-packages\django\template\base.py", line 167, in _render
    return self.nodelist.render(context)
  File "c:\Users\Syed Maaz Hassan\envs\env-ai-ecom-scraper\lib\site-packages\django\template\base.py", line 1005, in render
    return SafeString("".join([node.render_annotated(context) for node in self]))
  File "c:\Users\Syed Maaz Hassan\envs\env-ai-ecom-scraper\lib\site-packages\django\template\base.py", line 1005, in <listcomp>
    return SafeString("".join([node.render_annotated(context) for node in self]))
  File "c:\Users\Syed Maaz Hassan\envs\env-ai-ecom-scraper\lib\site-packages\django\template\base.py", line 966, in render_annotated
    return self.render(context)
  File "c:\Users\Syed Maaz Hassan\envs\env-ai-ecom-scraper\lib\site-packages\django\template\loader_tags.py", line 157, in render
    return compiled_parent._render(context)
  File "c:\Users\Syed Maaz Hassan\envs\env-ai-ecom-scraper\lib\site-packages\django\template\base.py", line 167, in _render
    return self.nodelist.render(context)
  File "c:\Users\Syed Maaz Hassan\envs\env-ai-ecom-scraper\lib\site-packages\django\template\base.py", line 1005, in render
    return SafeString("".join([node.render_annotated(context) for node in self]))
  File "c:\Users\Syed Maaz Hassan\envs\env-ai-ecom-scraper\lib\site-packages\django\template\base.py", line 1005, in <listcomp>
    return SafeString("".join([node.render_annotated(context) for node in self]))
  File "c:\Users\Syed Maaz Hassan\envs\env-ai-ecom-scraper\lib\site-packages\django\template\base.py", line 966, in render_annotated
    return self.render(context)
  File "c:\Users\Syed Maaz Hassan\envs\env-ai-ecom-scraper\lib\site-packages\django\template\loader_tags.py", line 208, in render
    return template.render(context)
  File "c:\Users\Syed Maaz Hassan\envs\env-ai-ecom-scraper\lib\site-packages\django\template\base.py", line 177, in render
    return self._render(context)
  File "c:\Users\Syed Maaz Hassan\envs\env-ai-ecom-scraper\lib\site-packages\django\template\base.py", line 167, in _render
    return self.nodelist.render(context)
  File "c:\Users\Syed Maaz Hassan\envs\env-ai-ecom-scraper\lib\site-packages\django\template\base.py", line 1005, in render
    return SafeString("".join([node.render_annotated(context) for node in self]))
  File "c:\Users\Syed Maaz Hassan\envs\env-ai-ecom-scraper\lib\site-packages\django\template\base.py", line 1005, in <listcomp>
    return SafeString("".join([node.render_annotated(context) for node in self]))
  File "c:\Users\Syed Maaz Hassan\envs\env-ai-ecom-scraper\lib\site-packages\django\template\base.py", line 966, in render_annotated
    return self.render(context)
  File "c:\Users\Syed Maaz Hassan\envs\env-ai-ecom-scraper\lib\site-packages\django\template\defaulttags.py", line 471, in render
    url = reverse(view_name, args=args, kwargs=kwargs, current_app=current_app)
  File "c:\Users\Syed Maaz Hassan\envs\env-ai-ecom-scraper\lib\site-packages\django\urls\base.py", line 88, in reverse
    return resolver._reverse_with_prefix(view, prefix, *args, **kwargs)
  File "c:\Users\Syed Maaz Hassan\envs\env-ai-ecom-scraper\lib\site-packages\django\urls\resolvers.py", line 828, in _reverse_with_prefix
    raise NoReverseMatch(msg)
django.urls.exceptions.NoReverseMatch: Reverse for 'logs-view' not found. 'logs-view' is not a valid view function or pattern name.
ERROR 2024-12-27 17:06:10,138 basehttp 14964 29360 "GET / HTTP/1.1" 500 218590
INFO 2024-12-27 17:06:21,905 autoreload 14964 6476 C:\Users\Syed Maaz Hassan\OneDrive\Documents\GitHub\ai-ecom-scraper\apps\scraper\views.py changed, reloading.
INFO 2024-12-27 17:06:24,507 autoreload 15764 26760 Watching for file changes with StatReloader
INFO 2024-12-27 17:06:26,899 basehttp 15764 28540 "GET / HTTP/1.1" 200 26147
INFO 2024-12-27 17:06:31,385 basehttp 15764 27192 "GET /scraper/logs/ HTTP/1.1" 200 24562
INFO 2024-12-27 17:09:16,902 autoreload 15764 26760 C:\Users\Syed Maaz Hassan\OneDrive\Documents\GitHub\ai-ecom-scraper\software\settings.py changed, reloading.
INFO 2024-12-27 17:09:20,533 autoreload 25312 27196 Watching for file changes with StatReloader
INFO 2024-12-27 17:10:12,624 basehttp 25312 28408 "GET / HTTP/1.1" 200 26147
INFO 2024-12-27 17:10:14,853 basehttp 25312 28408 "GET /settings HTTP/1.1" 200 18036
INFO 2024-12-27 17:10:15,573 basehttp 25312 28408 "GET /scraper/processes/initiate/ HTTP/1.1" 200 20551
INFO 2024-12-27 17:10:25,490 scraping_processor 25312 28720 Processing product with SKU: printable-925086
INFO 2024-12-27 17:10:25,509 scraping_processor 25312 28720 License created for product printable-925086
INFO 2024-12-27 17:10:25,517 scraping_processor 25312 28720 Thumbnail created for product printable-925086
INFO 2024-12-27 17:10:25,530 scraping_processor 25312 28720 Page screenshot created for product printable-925086
INFO 2024-12-27 17:10:25,545 scraping_processor 25312 28720 Product Fight Club saved successfully.
INFO 2024-12-27 17:10:25,563 scraping_processor 25312 28720 Gallery images saved for product printable-925086
INFO 2024-12-27 17:10:26,071 scraping_processor 25312 28720 Processing product with SKU: printable-410481
INFO 2024-12-27 17:10:26,088 scraping_processor 25312 28720 License created for product printable-410481
INFO 2024-12-27 17:10:26,097 scraping_processor 25312 28720 Thumbnail created for product printable-410481
INFO 2024-12-27 17:10:26,106 scraping_processor 25312 28720 Page screenshot created for product printable-410481
INFO 2024-12-27 17:10:26,115 scraping_processor 25312 28720 Product Club Toiletta saved successfully.
INFO 2024-12-27 17:10:26,131 scraping_processor 25312 28720 Gallery images saved for product printable-410481
INFO 2024-12-27 17:10:28,442 scraping_processor 25312 28720 Processing product with SKU: stlflix-tlamatini-the-wise-controller-holder
INFO 2024-12-27 17:10:28,457 scraping_processor 25312 28720 Thumbnail created for product stlflix-tlamatini-the-wise-controller-holder
INFO 2024-12-27 17:10:28,467 scraping_processor 25312 28720 Product Tlamatini, the Wise Controller Holder saved successfully.
INFO 2024-12-27 17:10:28,532 scraping_processor 25312 28720 Gallery images saved for product stlflix-tlamatini-the-wise-controller-holder
INFO 2024-12-27 17:10:29,035 scraping_processor 25312 28720 Processing product with SKU: stlflix-macuahuitl-aztec-club
INFO 2024-12-27 17:10:29,053 scraping_processor 25312 28720 Thumbnail created for product stlflix-macuahuitl-aztec-club
INFO 2024-12-27 17:10:29,063 scraping_processor 25312 28720 Product Macuahuitl Aztec Club saved successfully.
INFO 2024-12-27 17:10:29,116 scraping_processor 25312 28720 Gallery images saved for product stlflix-macuahuitl-aztec-club
INFO 2024-12-27 17:10:39,330 scraping_processor 25312 28720 Processing product with SKU: makerworld-535081
INFO 2024-12-27 17:10:39,342 scraping_processor 25312 28720 Thumbnail created for product makerworld-535081
INFO 2024-12-27 17:10:39,352 scraping_processor 25312 28720 Product Golf Club Holder saved successfully.
INFO 2024-12-27 17:10:39,360 scraping_processor 25312 28720 Gallery images saved for product makerworld-535081
INFO 2024-12-27 17:10:39,868 scraping_processor 25312 28720 Processing product with SKU: makerworld-591157
INFO 2024-12-27 17:10:39,890 scraping_processor 25312 28720 Thumbnail created for product makerworld-591157
INFO 2024-12-27 17:10:39,904 scraping_processor 25312 28720 Product Fight Club Soap_mold/ Seifenform saved successfully.
INFO 2024-12-27 17:10:39,918 scraping_processor 25312 28720 Gallery images saved for product makerworld-591157
INFO 2024-12-27 17:10:40,431 basehttp 25312 28720 "GET /scraper/ajax/products/scraping/sse?csrfmiddlewaretoken=Nsa6cb6CI32lpxYZXY3MZDVDHp81w5KYeJHSB2G5UzxdJ9Xkir30f9l5IVLzlNXx&search_query=Club&max_records=2&source_websites=1&source_websites=2&source_websites=3 HTTP/1.1" 200 1701
INFO 2024-12-27 17:10:42,660 basehttp 25312 16844 "GET /scraper/products/ HTTP/1.1" 200 53756
INFO 2024-12-27 17:10:43,185 basehttp 25312 11500 "GET /static/volt/assets/js/products_img.js HTTP/1.1" 200 775
INFO 2024-12-27 17:10:43,185 basehttp 25312 16844 "GET /static/volt/css/products.css HTTP/1.1" 200 2069
INFO 2024-12-27 17:10:47,141 basehttp 25312 16844 "GET /scraper/processes/initiate/ HTTP/1.1" 200 20556
INFO 2024-12-27 17:10:48,223 basehttp 25312 25700 "GET /scraper/processes/initiate/ HTTP/1.1" 200 20556
INFO 2024-12-27 17:10:55,284 basehttp 25312 25700 "GET /scraper/products/220/ HTTP/1.1" 200 24977
INFO 2024-12-27 17:10:55,378 basehttp 25312 25700 "GET /static/volt/assets/js/imageModal.js HTTP/1.1" 200 2355
INFO 2024-12-27 17:10:59,957 basehttp 25312 29296 "GET /scraper/products/219/ HTTP/1.1" 200 24968
INFO 2024-12-27 17:11:14,003 basehttp 25312 29296 "GET /scraper/logs/ HTTP/1.1" 200 26471
INFO 2024-12-27 17:12:14,892 autoreload 25312 27196 C:\Users\Syed Maaz Hassan\OneDrive\Documents\GitHub\ai-ecom-scraper\apps\scraper\views.py changed, reloading.
INFO 2024-12-27 17:12:17,661 autoreload 2064 9184 Watching for file changes with StatReloader
INFO 2024-12-27 17:12:23,501 basehttp 2064 7092 "GET /scraper/logs/ HTTP/1.1" 200 17156
INFO 2024-12-27 17:23:53,251 autoreload 2064 9184 C:\Users\Syed Maaz Hassan\OneDrive\Documents\GitHub\ai-ecom-scraper\apps\scraper\views.py changed, reloading.
INFO 2024-12-27 17:23:56,939 autoreload 10440 23676 Watching for file changes with StatReloader
INFO 2024-12-27 17:24:15,652 autoreload 10440 23676 C:\Users\Syed Maaz Hassan\OneDrive\Documents\GitHub\ai-ecom-scraper\apps\scraper\views.py changed, reloading.
INFO 2024-12-27 17:24:18,569 autoreload 15736 31116 Watching for file changes with StatReloader
INFO 2024-12-27 17:24:33,721 basehttp 15736 11696 "GET /scraper/logs/ HTTP/1.1" 200 23478
INFO 2024-12-27 17:26:14,497 basehttp 15736 24016 "GET /scraper/logs/ HTTP/1.1" 200 26424
INFO 2024-12-27 17:26:57,234 basehttp 15736 17168 "GET /scraper/logs/ HTTP/1.1" 200 26564
INFO 2024-12-27 17:27:03,711 basehttp 15736 4016 "GET /scraper/logs/ HTTP/1.1" 200 26760
INFO 2024-12-27 17:27:10,582 basehttp 15736 27640 "GET /scraper/logs/ HTTP/1.1" 200 26788
INFO 2024-12-27 17:27:36,396 basehttp 15736 22584 "GET /scraper/logs/ HTTP/1.1" 200 27040
INFO 2024-12-27 17:27:55,583 basehttp 15736 6996 "GET /scraper/logs/ HTTP/1.1" 200 27292
INFO 2024-12-27 17:28:16,381 basehttp 15736 20500 "GET /scraper/logs/ HTTP/1.1" 200 27600
INFO 2024-12-27 17:28:29,435 basehttp 15736 17176 "GET /scraper/logs/ HTTP/1.1" 200 26928
INFO 2024-12-27 17:28:39,682 basehttp 15736 22476 "GET /scraper/logs/ HTTP/1.1" 200 26956
INFO 2024-12-27 17:30:21,722 basehttp 15736 5192 "GET /scraper/logs/ HTTP/1.1" 200 26424
INFO 2024-12-27 17:30:38,123 basehttp 15736 23640 "GET /scraper/logs/ HTTP/1.1" 200 26452
INFO 2024-12-27 17:30:51,935 basehttp 15736 23796 "GET /scraper/logs/ HTTP/1.1" 200 26452
INFO 2024-12-27 17:30:58,229 basehttp 15736 23796 "GET /scraper/logs/ HTTP/1.1" 200 26508
INFO 2024-12-27 17:31:08,155 basehttp 15736 29216 "GET /scraper/logs/ HTTP/1.1" 200 26592
INFO 2024-12-27 17:32:20,422 basehttp 15736 6628 "GET /scraper/logs/ HTTP/1.1" 200 27012
INFO 2024-12-27 17:32:31,004 basehttp 15736 30384 "GET /scraper/logs/ HTTP/1.1" 200 27740
INFO 2024-12-27 17:32:41,637 basehttp 15736 16416 "GET /scraper/logs/ HTTP/1.1" 200 27880
INFO 2024-12-27 17:32:47,606 basehttp 15736 16416 "GET /scraper/logs/ HTTP/1.1" 200 27880
INFO 2024-12-27 17:32:53,121 basehttp 15736 24640 "GET /scraper/logs/ HTTP/1.1" 200 27880
INFO 2024-12-27 17:33:44,628 basehttp 15736 24352 "GET /scraper/logs/ HTTP/1.1" 200 27880
INFO 2024-12-27 17:33:52,791 basehttp 15736 31296 "GET /scraper/logs/ HTTP/1.1" 200 27880
INFO 2024-12-27 17:34:44,632 basehttp 15736 4536 "GET /scraper/logs/ HTTP/1.1" 200 28384
INFO 2024-12-27 17:35:01,051 basehttp 15736 3720 "GET /scraper/logs/ HTTP/1.1" 200 28580
INFO 2024-12-27 17:35:28,131 basehttp 15736 11516 "GET /scraper/logs/ HTTP/1.1" 200 30400
INFO 2024-12-27 17:35:44,843 basehttp 15736 9996 "GET /scraper/logs/ HTTP/1.1" 200 30064
INFO 2024-12-27 17:35:45,716 basehttp 15736 9996 "GET /scraper/logs/ HTTP/1.1" 200 30064
INFO 2024-12-27 17:36:00,789 basehttp 15736 24592 "GET /scraper/logs/ HTTP/1.1" 200 30176
INFO 2024-12-27 17:36:07,551 basehttp 15736 24592 "GET /scraper/logs/ HTTP/1.1" 200 30316
INFO 2024-12-27 17:36:18,180 basehttp 15736 24592 "GET /scraper/logs/ HTTP/1.1" 200 30456
INFO 2024-12-27 17:36:37,406 basehttp 15736 24592 "GET /scraper/logs/ HTTP/1.1" 200 30652
INFO 2024-12-27 17:37:23,716 basehttp 15736 5516 "GET /scraper/logs/ HTTP/1.1" 200 30731
INFO 2024-12-27 17:37:25,675 basehttp 15736 28464 "GET /scraper/processes/ HTTP/1.1" 200 24926
INFO 2024-12-27 17:37:26,640 basehttp 15736 28464 "GET /scraper/processes/initiate/ HTTP/1.1" 200 20556
INFO 2024-12-27 17:37:28,516 basehttp 15736 28464 "GET /scraper/logs/ HTTP/1.1" 200 30731
INFO 2024-12-27 17:37:36,121 basehttp 15736 14584 "GET /scraper/logs/ HTTP/1.1" 200 30735
INFO 2024-12-27 17:38:00,882 basehttp 15736 3448 "GET /settings HTTP/1.1" 200 18036
INFO 2024-12-27 17:38:01,889 basehttp 15736 3448 "GET /scraper/logs/ HTTP/1.1" 200 30735
INFO 2024-12-27 17:38:02,758 basehttp 15736 3448 "GET /scraper/logs/ HTTP/1.1" 200 30735
INFO 2024-12-27 17:38:09,232 basehttp 15736 3880 "GET /scraper/logs/ HTTP/1.1" 200 30735
INFO 2024-12-27 17:49:19,192 basehttp 15736 20168 "GET /scraper/logs/ HTTP/1.1" 200 30735
INFO 2024-12-27 17:50:09,404 basehttp 15736 28396 "GET /scraper/logs/ HTTP/1.1" 200 30847
INFO 2024-12-27 17:50:10,142 basehttp 15736 28396 "GET /scraper/logs/ HTTP/1.1" 200 30847
INFO 2024-12-27 17:50:10,294 basehttp 15736 28396 "GET /scraper/logs/ HTTP/1.1" 200 30847
INFO 2024-12-27 17:50:10,418 basehttp 15736 28396 "GET /scraper/logs/ HTTP/1.1" 200 30847
INFO 2024-12-27 17:50:10,594 basehttp 15736 28396 "GET /scraper/logs/ HTTP/1.1" 200 30847
INFO 2024-12-27 17:50:17,139 basehttp 15736 25496 "GET /scraper/logs/ HTTP/1.1" 200 30847
INFO 2024-12-27 17:50:28,700 basehttp 15736 21456 "GET /scraper/logs/ HTTP/1.1" 200 30847
INFO 2024-12-27 17:51:50,723 autoreload 15736 31116 C:\Users\Syed Maaz Hassan\OneDrive\Documents\GitHub\ai-ecom-scraper\apps\scraper\libs\scraping_processor.py changed, reloading.
INFO 2024-12-27 17:51:54,777 autoreload 30700 26376 Watching for file changes with StatReloader
INFO 2024-12-27 17:52:32,320 basehttp 30700 15644 "GET /scraper/logs/ HTTP/1.1" 200 31622
INFO 2024-12-27 17:52:33,079 basehttp 30700 15644 "GET /scraper/logs/ HTTP/1.1" 200 31622
INFO 2024-12-27 17:52:33,291 basehttp 30700 15644 "GET /scraper/logs/ HTTP/1.1" 200 31622
INFO 2024-12-27 17:52:33,488 basehttp 30700 15644 "GET /scraper/logs/ HTTP/1.1" 200 31622
INFO 2024-12-27 17:52:33,726 basehttp 30700 15644 "GET /scraper/logs/ HTTP/1.1" 200 31622
INFO 2024-12-27 17:52:45,228 basehttp 30700 23152 "GET /scraper/logs/ HTTP/1.1" 200 31630
INFO 2024-12-27 17:52:46,292 basehttp 30700 23152 "GET /scraper/logs/ HTTP/1.1" 200 31630
INFO 2024-12-27 17:52:53,794 basehttp 30700 21120 "GET /scraper/logs/ HTTP/1.1" 200 31656
INFO 2024-12-27 17:52:54,446 basehttp 30700 21120 "GET /scraper/logs/ HTTP/1.1" 200 31656
INFO 2024-12-27 17:52:54,620 basehttp 30700 21120 "GET /scraper/logs/ HTTP/1.1" 200 31656
INFO 2024-12-27 17:53:00,231 basehttp 30700 21120 "GET /scraper/logs/ HTTP/1.1" 200 31648
INFO 2024-12-27 17:53:01,049 basehttp 30700 21120 "GET /scraper/logs/ HTTP/1.1" 200 31648
INFO 2024-12-27 17:53:01,267 basehttp 30700 22752 "GET /scraper/logs/ HTTP/1.1" 200 31648
INFO 2024-12-27 17:53:01,429 basehttp 30700 22752 "GET /scraper/logs/ HTTP/1.1" 200 31648
INFO 2024-12-27 17:53:01,600 basehttp 30700 22752 "GET /scraper/logs/ HTTP/1.1" 200 31648
INFO 2024-12-27 17:53:14,601 basehttp 30700 29368 "GET /scraper/logs/ HTTP/1.1" 200 31648
INFO 2024-12-27 17:53:59,615 autoreload 30700 26376 C:\Users\Syed Maaz Hassan\OneDrive\Documents\GitHub\ai-ecom-scraper\apps\scraper\views.py changed, reloading.
INFO 2024-12-27 17:54:02,454 autoreload 14208 22272 Watching for file changes with StatReloader
INFO 2024-12-27 17:54:04,671 basehttp 14208 4420 "GET /scraper/logs/ HTTP/1.1" 200 31648
